<?xml version="1.0" encoding="UTF-8"?>
<!-- Generated by org.testng.reporters.JUnitReportReporter -->
<testsuite skipped="0" hostname="HIGURL71125" name="com.qa.test.API.GetUsers" tests="1" failures="0" timestamp="2020-07-08T09:52:39 IST" time="5.037" errors="0">
  <testcase name="getAllUsers" time="5.037" classname="com.qa.test.API.GetUsers"/>
  <system-out/>
</testsuite> <!-- com.qa.test.API.GetUsers -->
