<?xml version="1.0" encoding="UTF-8"?>
<!-- Generated by org.testng.reporters.JUnitReportReporter -->
<testsuite skipped="0" hostname="HIBAML70132"
	name="com.fh.test.GetUser" tests="1" failures="0"
	timestamp="2020-07-07T14:19:40 IST" time="2.869" errors="0">
	<testcase name="getUser" time="2.869"
		classname="com.fh.test.GetUser" />
	<system-out />
</testsuite> <!-- com.fh.test.GetUser -->
