<?xml version="1.0" encoding="UTF-8"?>
<!-- Generated by org.testng.reporters.JUnitReportReporter -->
<testsuite skipped="0" hostname="HIBAML70132"
	name="com.fh.test.createUsers" tests="1" failures="0"
	timestamp="2020-07-07T14:19:40 IST" time="3.709" errors="0">
	<testcase name="postUser" time="3.709"
		classname="com.fh.test.createUsers" />
	<system-out />
</testsuite> <!-- com.fh.test.createUsers -->
