<?xml version="1.0" encoding="UTF-8"?>
<!-- Generated by org.testng.reporters.JUnitReportReporter -->
<testsuite skipped="0" hostname="HIGURL71125" name="com.qa.test.API.GetUser" tests="1" failures="0" timestamp="2020-07-08T09:52:39 IST" time="0.875" errors="0">
  <testcase name="getUser" time="0.875" classname="com.qa.test.API.GetUser"/>
  <system-out/>
</testsuite> <!-- com.qa.test.API.GetUser -->
