<?xml version="1.0" encoding="UTF-8"?>
<!-- Generated by org.testng.reporters.JUnitReportReporter -->
<testsuite skipped="0" hostname="HIBAML70132"
	name="com.fh.test.GetUsers" tests="1" failures="0"
	timestamp="2020-07-07T14:19:40 IST" time="5.426" errors="0">
	<testcase name="getAllUsers" time="5.426"
		classname="com.fh.test.GetUsers" />
	<system-out />
</testsuite> <!-- com.fh.test.GetUsers -->
