<?xml version="1.0" encoding="UTF-8"?>
<!-- Generated by org.testng.reporters.JUnitReportReporter -->
<testsuite skipped="0" hostname="HIGURL71125" name="com.qa.test.API.createUsers" tests="1" failures="0" timestamp="2020-07-08T09:52:39 IST" time="1.116" errors="0">
  <testcase name="postUser" time="1.116" classname="com.qa.test.API.createUsers"/>
  <system-out/>
</testsuite> <!-- com.qa.test.API.createUsers -->
